\BOOKMARK [1][-]{section.1}{\376\377\225\356\230\230\221\315\217\360}{}% 1
\BOOKMARK [2][-]{subsection.1.1}{\376\377\225\356\230\230\200\314\146\157}{section.1}% 2
\BOOKMARK [2][-]{subsection.1.2}{\376\377\227\000\211\201\211\343\121\263\166\204\225\356\230\230}{section.1}% 3
\BOOKMARK [1][-]{section.2}{\376\377\152\041\127\213\120\107\213\276}{}% 4
\BOOKMARK [2][-]{subsection.2.1}{\376\377\230\230\166\356\176\331\133\232\147\141\116\366\120\107\213\276}{section.2}% 5
\BOOKMARK [2][-]{subsection.2.2}{\376\377\211\343\230\230\127\372\170\100\120\107\213\276}{section.2}% 6
\BOOKMARK [1][-]{section.3}{\376\377\173\046\123\367\213\364\146\016}{}% 7
\BOOKMARK [1][-]{section.4}{\376\377\225\356\230\230\122\006\147\220}{}% 8
\BOOKMARK [2][-]{subsection.4.1}{\376\377\145\164\117\123\122\006\147\220}{section.4}% 9
\BOOKMARK [2][-]{subsection.4.2}{\376\377\225\356\230\230\0001\122\006\147\220}{section.4}% 10
\BOOKMARK [2][-]{subsection.4.3}{\376\377\225\356\230\230\0002\122\006\147\220}{section.4}% 11
\BOOKMARK [2][-]{subsection.4.4}{\376\377\225\356\230\230\0003\122\006\147\220}{section.4}% 12
\BOOKMARK [2][-]{subsection.4.5}{\376\377\225\356\230\230\0004\122\006\147\220}{section.4}% 13
\BOOKMARK [1][-]{section.5}{\376\377\152\041\127\213\136\372\172\313}{}% 14
\BOOKMARK [2][-]{subsection.5.1}{\376\377\145\160\143\156\230\204\131\004\164\006\116\016\162\171\137\201\135\345\172\013}{section.5}% 15
\BOOKMARK [3][-]{subsubsection.5.1.1}{\376\377\145\160\143\156\156\005\155\027}{subsection.5.1}% 16
\BOOKMARK [3][-]{subsubsection.5.1.2}{\376\377\162\171\137\201\135\345\172\013}{subsection.5.1}% 17
\BOOKMARK [2][-]{subsection.5.2}{\376\377\116\011\134\102\220\022\217\333\162\171\137\201\173\133\220\011\150\106\147\266\377\010\225\356\230\230\0001\377\011}{section.5}% 18
\BOOKMARK [3][-]{subsubsection.5.2.1}{\376\377\173\054\116\000\134\102\377\032\116\222\117\341\140\157\000\050\000M\000I\000\051\217\307\156\344\137\017\173\133\220\011}{subsection.5.2}% 19
\BOOKMARK [3][-]{subsubsection.5.2.2}{\376\377\173\054\116\214\134\102\377\032\000X\000G\000B\000o\000o\000s\000t\135\114\121\145\137\017\162\171\137\201\221\315\211\201\140\047\143\222\136\217}{subsection.5.2}% 20
\BOOKMARK [3][-]{subsubsection.5.2.3}{\376\377\173\054\116\011\134\102\377\032\143\222\122\027\221\315\211\201\140\047\000\050\000P\000e\000r\000m\000u\000t\000a\000t\000i\000o\000n\000\040\000I\000m\000p\000o\000r\000t\000a\000n\000c\000e\000\051\232\214\213\301}{subsection.5.2}% 21
\BOOKMARK [2][-]{subsection.5.3}{\376\377\000S\000t\000a\000c\000k\000i\000n\000g\131\032\152\041\127\213\207\215\124\010\230\204\155\113\152\041\127\213\377\010\225\356\230\230\0001\377\011}{section.5}% 22
\BOOKMARK [2][-]{subsection.5.4}{\376\377\000T\000D\000-\000N\000A\000R\000X\137\002\215\050\145\366\156\336\152\041\127\213\377\010\225\356\230\230\0002\377\011}{section.5}% 23
\BOOKMARK [3][-]{subsubsection.5.4.1}{\376\377\000C\000C\000F\174\227\117\060\145\366\156\336\203\003\126\364}{subsection.5.4}% 24
\BOOKMARK [3][-]{subsubsection.5.4.2}{\376\377\000G\000r\000i\000d\000\040\000S\000e\000a\000r\000c\000h\174\276\144\034\147\000\117\030\145\366\156\336}{subsection.5.4}% 25
\BOOKMARK [3][-]{subsubsection.5.4.3}{\376\377\000N\000A\000R\000X\171\136\176\317\177\121\176\334}{subsection.5.4}% 26
\BOOKMARK [2][-]{subsection.5.5}{\376\377\000R\000T\000D\000-\000G\000B\000D\000T\155\367\124\010\122\250\140\001\230\204\155\113\152\041\127\213\377\010\225\356\230\230\0003\377\011}{section.5}% 27
\BOOKMARK [3][-]{subsubsection.5.5.1}{\376\377\120\134\165\131\145\366\225\364\122\006\136\003\000\050\000R\000T\000D\000\051\162\151\164\006\152\041\127\213}{subsection.5.5}% 28
\BOOKMARK [3][-]{subsubsection.5.5.2}{\376\377\162\151\164\006\000+\145\160\143\156\155\367\124\010\152\041\127\213}{subsection.5.5}% 29
\BOOKMARK [2][-]{subsection.5.6}{\376\377\000F\000C\000E\000-\000S\000A\123\314\176\364\136\246\230\316\226\151\213\304\116\367\152\041\127\213\377\010\225\356\230\230\0004\377\011}{section.5}% 30
\BOOKMARK [3][-]{subsubsection.5.6.1}{\376\377\230\316\226\151\143\007\150\007\117\123\174\373}{subsection.5.6}% 31
\BOOKMARK [3][-]{subsubsection.5.6.2}{\376\377\126\333\176\247\230\316\226\151\173\111\176\247\122\022\122\006}{subsection.5.6}% 32
\BOOKMARK [1][-]{section.6}{\376\377\152\041\127\213\154\102\211\343}{}% 33
\BOOKMARK [2][-]{subsection.6.1}{\376\377\225\356\230\230\0001\377\032\126\340\175\040\173\133\220\011\116\016\000N\000T\000U\230\204\155\113}{section.6}% 34
\BOOKMARK [2][-]{subsection.6.2}{\376\377\225\356\230\230\0002\377\032\156\344\124\016\154\064\155\112\136\246\122\250\140\001\145\366\156\336\136\372\152\041}{section.6}% 35
\BOOKMARK [2][-]{subsection.6.3}{\376\377\225\356\230\230\0003\377\032\121\372\123\202\154\064\000N\000T\000U\155\367\124\010\122\250\140\001\230\204\155\113}{section.6}% 36
\BOOKMARK [2][-]{subsection.6.4}{\376\377\225\356\230\230\0004\377\032\154\064\215\050\230\316\226\151\213\304\116\367}{section.6}% 37
\BOOKMARK [1][-]{section.7}{\376\377\152\041\127\213\150\300\232\214}{}% 38
\BOOKMARK [2][-]{subsection.7.1}{\376\377\145\160\143\156\133\214\145\164\140\047\150\300\232\214}{section.7}% 39
\BOOKMARK [2][-]{subsection.7.2}{\376\377\162\171\137\201\173\133\220\011\234\201\150\322\140\047\150\300\232\214}{section.7}% 40
\BOOKMARK [2][-]{subsection.7.3}{\376\377\145\366\156\336\120\107\213\276\232\214\213\301}{section.7}% 41
\BOOKMARK [2][-]{subsection.7.4}{\376\377\230\316\226\151\213\304\116\367\145\117\141\037\140\047}{section.7}% 42
\BOOKMARK [1][-]{section.8}{\376\377\176\323\147\234\122\006\147\220\116\016\213\250\213\272}{}% 43
\BOOKMARK [2][-]{subsection.8.1}{\376\377\162\171\137\201\221\315\211\201\140\047\122\006\147\220}{section.8}% 44
\BOOKMARK [2][-]{subsection.8.2}{\376\377\145\366\156\336\123\302\145\160\166\204\162\151\164\006\141\017\116\111}{section.8}% 45
\BOOKMARK [2][-]{subsection.8.3}{\376\377\000R\000T\000D\155\367\124\010\152\041\127\213\166\204\117\030\122\277}{section.8}% 46
\BOOKMARK [2][-]{subsection.8.4}{\376\377\230\316\226\151\173\241\164\006\166\204\121\263\173\126\116\367\120\074}{section.8}% 47
\BOOKMARK [1][-]{section.9}{\376\377\152\041\127\213\213\304\116\367\116\016\145\071\217\333}{}% 48
\BOOKMARK [2][-]{subsection.9.1}{\376\377\152\041\127\213\117\030\160\271}{section.9}% 49
\BOOKMARK [2][-]{subsection.9.2}{\376\377\152\041\127\213\116\015\215\263}{section.9}% 50
\BOOKMARK [2][-]{subsection.9.3}{\376\377\145\071\217\333\145\271\124\021}{section.9}% 51
\BOOKMARK [1][-]{section.10}{\376\377\176\323\213\272}{}% 52
